Information: Propagating switching activity (low effort zero delay simulation). (PWR-6)
Warning: Design has unannotated primary inputs. (PWR-414)
Warning: Design has unannotated sequential cell outputs. (PWR-415)
 
****************************************
Report : power
        -hier
        -analysis_effort low
Design : UART
Version: O-2018.06-SP1
Date   : Sat Apr 20 12:22:46 2024
****************************************


Library(s) Used:

    saed32rvt_ss0p75v125c (File: /home/ICer/Projects/UART/ref/std_cells/saed32rvt_ss0p75v125c.db)


Operating Conditions: ss0p75v125c   Library: saed32rvt_ss0p75v125c
Wire Load Model Mode: enclosed

Design        Wire Load Model            Library
------------------------------------------------
UART                   8000              saed32rvt_ss0p75v125c
UART_TX_DATA_WIDTH8    8000              saed32rvt_ss0p75v125c
UART_RX                8000              saed32rvt_ss0p75v125c
uart_tx_fsm            ForQA             saed32rvt_ss0p75v125c
Serializer_WIDTH8      ForQA             saed32rvt_ss0p75v125c
mux                    ForQA             saed32rvt_ss0p75v125c
parity_calc_WIDTH8     ForQA             saed32rvt_ss0p75v125c
uart_rx_fsm_DATA_WIDTH8
                       ForQA             saed32rvt_ss0p75v125c
edge_bit_counter       ForQA             saed32rvt_ss0p75v125c
data_sampling          ForQA             saed32rvt_ss0p75v125c
deserializer_DATA_WIDTH8
                       ForQA             saed32rvt_ss0p75v125c
strt_chk               ForQA             saed32rvt_ss0p75v125c
par_chk_DATA_WIDTH8    ForQA             saed32rvt_ss0p75v125c
stp_chk                ForQA             saed32rvt_ss0p75v125c


Global Operating Voltage = 0.75 
Power-specific unit information :
    Voltage Units = 1V
    Capacitance Units = 1.000000ff
    Time Units = 1ns
    Dynamic Power Units = 1uW    (derived from V,C,T units)
    Leakage Power Units = 1pW


--------------------------------------------------------------------------------
                                       Switch   Int      Leak     Total
Hierarchy                              Power    Power    Power    Power    %
--------------------------------------------------------------------------------
UART                                   3.90e-02    0.518 1.62e+07   16.752 100.0
  U0_UART_RX (UART_RX)                 3.29e-02    0.462 1.06e+07   11.058  66.0
    U0_stp_chk (stp_chk)               5.25e-06 1.38e-02 2.14e+05    0.228   1.4
    U0_par_chk (par_chk_DATA_WIDTH8)   8.21e-05 1.43e-02 5.68e+05    0.582   3.5
    U0_strt_chk (strt_chk)             7.61e-05 1.40e-02 1.95e+05    0.209   1.2
    U0_deserializer (deserializer_DATA_WIDTH8)
                                       3.45e-03    0.117 2.20e+06    2.318  13.8
    U0_data_sampling (data_sampling)   8.22e-03 7.36e-02 2.19e+06    2.274  13.6
    U0_edge_bit_counter (edge_bit_counter)
                                       1.14e-02    0.172 2.96e+06    3.139  18.7
    U0_uart_fsm (uart_rx_fsm_DATA_WIDTH8)
                                       9.59e-03 5.71e-02 2.24e+06    2.308  13.8
  U0_UART_TX (UART_TX_DATA_WIDTH8)     6.19e-03 5.62e-02 5.62e+06    5.684  33.9
    U0_parity_calc (parity_calc_WIDTH8)
                                       3.23e-03 2.27e-02 2.11e+06    2.138  12.8
    U0_mux (mux)                       4.76e-05 1.90e-03 2.15e+05    0.217   1.3
    U0_Serializer (Serializer_WIDTH8)  2.50e-03 2.38e-02 2.26e+06    2.288  13.7
    U0_fsm (uart_tx_fsm)               4.10e-04 7.78e-03 1.03e+06    1.041   6.2
1
