****************************************
Report : constraint
        -verbose
        -all_violators
        -max_capacitance
Design : UART
Version: O-2018.06-SP1
Date   : Wed Apr 24 17:52:49 2024
****************************************




   Total number of violation(s): 0
1
****************************************
Report : constraint
        -verbose
        -all_violators
        -max_capacitance
Design : UART
Version: O-2018.06-SP1
Date   : Wed Apr 24 18:23:23 2024
****************************************




   Total number of violation(s): 0
1
