****************************************
Report : qor
        -summary
Design : UART
Version: O-2018.06-SP1
Date   : Sun Apr 28 19:24:38 2024
****************************************

Timing
---------------------------------------------------------------------------
Context                                 WNS            TNS            NVE
---------------------------------------------------------------------------
Design             (Setup)            97.23           0.00              0

Design             (Hold)              0.20           0.00              0
---------------------------------------------------------------------------

Miscellaneous
---------------------------------------------------------------------------
Cell Area (netlist):                           1279.62
Cell Area (netlist and physical only):         1279.62
Nets with DRC Violations:        0
1
